0 info it worked if it ends with ok
1 verbose cli [ '/usr/bin/nodejs',
1 verbose cli   '/usr/bin/npm',
1 verbose cli   'install',
1 verbose cli   '--save',
1 verbose cli   'bcrypt@2.1' ]
2 info using npm@3.5.2
3 info using node@v4.2.6
4 silly loadCurrentTree Starting
5 silly install loadCurrentTree
6 silly install readLocalPackageData
7 silly fetchPackageMetaData bcrypt@2.1
8 silly fetchNamedPackageData bcrypt
9 silly mapToRegistry name bcrypt
10 silly mapToRegistry using default registry
11 silly mapToRegistry registry https://registry.npmjs.org/
12 silly mapToRegistry uri https://registry.npmjs.org/bcrypt
13 verbose request uri https://registry.npmjs.org/bcrypt
14 verbose request no auth needed
15 info attempt registry request try #1 at 10:06:09 PM
16 verbose request id e79d2a93cb68e0f6
17 verbose etag W/"6f9cf5c65708155d6bbe7acbccf5d42d"
18 verbose lastModified Fri, 21 Sep 2018 12:47:24 GMT
19 http request GET https://registry.npmjs.org/bcrypt
20 http 304 https://registry.npmjs.org/bcrypt
21 verbose headers { date: 'Sat, 06 Oct 2018 16:36:10 GMT',
21 verbose headers   connection: 'keep-alive',
21 verbose headers   'set-cookie': [ '__cfduid=d5e662783532643c6657f495b7d55e76a1538843770; expires=Sun, 06-Oct-19 16:36:10 GMT; path=/; domain=.registry.npmjs.org; HttpOnly' ],
21 verbose headers   'cf-cache-status': 'HIT',
21 verbose headers   'cache-control': 'max-age=300',
21 verbose headers   'cf-ray': '46598b9c88a38a79-BOM',
21 verbose headers   etag: '"6f9cf5c65708155d6bbe7acbccf5d42d"',
21 verbose headers   'expect-ct': 'max-age=604800, report-uri="https://report-uri.cloudflare.com/cdn-cgi/beacon/expect-ct"',
21 verbose headers   'last-modified': 'Fri, 21 Sep 2018 12:47:24 GMT',
21 verbose headers   vary: 'accept-encoding, accept',
21 verbose headers   'x-amz-meta-rev': '483-1a9e78964fd5e8d628c727e1d40b1848',
21 verbose headers   server: 'cloudflare' }
22 silly get cb [ 304,
22 silly get   { date: 'Sat, 06 Oct 2018 16:36:10 GMT',
22 silly get     connection: 'keep-alive',
22 silly get     'set-cookie': [ '__cfduid=d5e662783532643c6657f495b7d55e76a1538843770; expires=Sun, 06-Oct-19 16:36:10 GMT; path=/; domain=.registry.npmjs.org; HttpOnly' ],
22 silly get     'cf-cache-status': 'HIT',
22 silly get     'cache-control': 'max-age=300',
22 silly get     'cf-ray': '46598b9c88a38a79-BOM',
22 silly get     etag: '"6f9cf5c65708155d6bbe7acbccf5d42d"',
22 silly get     'expect-ct': 'max-age=604800, report-uri="https://report-uri.cloudflare.com/cdn-cgi/beacon/expect-ct"',
22 silly get     'last-modified': 'Fri, 21 Sep 2018 12:47:24 GMT',
22 silly get     vary: 'accept-encoding, accept',
22 silly get     'x-amz-meta-rev': '483-1a9e78964fd5e8d628c727e1d40b1848',
22 silly get     server: 'cloudflare' } ]
23 verbose etag https://registry.npmjs.org/bcrypt from cache
24 verbose get saving bcrypt to /home/machine/.npm/registry.npmjs.org/bcrypt/.cache.json
25 silly fetchPackageMetaData Error: No compatible version found: bcrypt@2.1
25 silly fetchPackageMetaData Valid install targets:
25 silly fetchPackageMetaData 3.0.1, 3.0.0, 2.0.1, 2.0.0, 1.1.0-napi, 1.0.3, 1.0.2, 1.0.1, 1.0.0, 0.8.7, 0.8.6, 0.8.5, 0.8.4, 0.8.3, 0.8.2, 0.8.1, 0.8.0, 0.7.8, 0.7.7, 0.7.6, 0.7.5, 0.7.4, 0.7.3, 0.7.2, 0.7.1, 0.7.0, 0.6.0, 0.5.0, 0.4.1, 0.4.0, 0.3.2, 0.3.1, 0.3.0, 0.2.4, 0.2.3, 0.2.2, 0.2.1, 0.2.0, 0.1.3, 0.1.2
25 silly fetchPackageMetaData
25 silly fetchPackageMetaData     at pickVersionFromRegistryDocument (/usr/share/npm/lib/fetch-package-metadata.js:156:16)
25 silly fetchPackageMetaData     at /usr/share/npm/node_modules/iferr/index.js:13:50
25 silly fetchPackageMetaData     at /usr/share/npm/lib/utils/pulse-till-done.js:19:8
25 silly fetchPackageMetaData     at saved (/usr/share/npm/lib/cache/caching-client.js:168:7)
25 silly fetchPackageMetaData     at /usr/share/npm/node_modules/graceful-fs/polyfills.js:210:7
25 silly fetchPackageMetaData     at FSReqWrap.oncomplete (fs.js:82:15)
25 silly fetchPackageMetaData  error for bcrypt@2.1 [Error: No compatible version found: bcrypt@2.1
25 silly fetchPackageMetaData Valid install targets:
25 silly fetchPackageMetaData 3.0.1, 3.0.0, 2.0.1, 2.0.0, 1.1.0-napi, 1.0.3, 1.0.2, 1.0.1, 1.0.0, 0.8.7, 0.8.6, 0.8.5, 0.8.4, 0.8.3, 0.8.2, 0.8.1, 0.8.0, 0.7.8, 0.7.7, 0.7.6, 0.7.5, 0.7.4, 0.7.3, 0.7.2, 0.7.1, 0.7.0, 0.6.0, 0.5.0, 0.4.1, 0.4.0, 0.3.2, 0.3.1, 0.3.0, 0.2.4, 0.2.3, 0.2.2, 0.2.1, 0.2.0, 0.1.3, 0.1.2
25 silly fetchPackageMetaData ]
26 silly rollbackFailedOptional Starting
27 silly rollbackFailedOptional Finishing
28 silly runTopLevelLifecycles Starting
29 silly runTopLevelLifecycles Finishing
30 silly install printInstalled
31 verbose stack Error: No compatible version found: bcrypt@2.1
31 verbose stack Valid install targets:
31 verbose stack 3.0.1, 3.0.0, 2.0.1, 2.0.0, 1.1.0-napi, 1.0.3, 1.0.2, 1.0.1, 1.0.0, 0.8.7, 0.8.6, 0.8.5, 0.8.4, 0.8.3, 0.8.2, 0.8.1, 0.8.0, 0.7.8, 0.7.7, 0.7.6, 0.7.5, 0.7.4, 0.7.3, 0.7.2, 0.7.1, 0.7.0, 0.6.0, 0.5.0, 0.4.1, 0.4.0, 0.3.2, 0.3.1, 0.3.0, 0.2.4, 0.2.3, 0.2.2, 0.2.1, 0.2.0, 0.1.3, 0.1.2
31 verbose stack
31 verbose stack     at pickVersionFromRegistryDocument (/usr/share/npm/lib/fetch-package-metadata.js:156:16)
31 verbose stack     at /usr/share/npm/node_modules/iferr/index.js:13:50
31 verbose stack     at /usr/share/npm/lib/utils/pulse-till-done.js:19:8
31 verbose stack     at saved (/usr/share/npm/lib/cache/caching-client.js:168:7)
31 verbose stack     at /usr/share/npm/node_modules/graceful-fs/polyfills.js:210:7
31 verbose stack     at FSReqWrap.oncomplete (fs.js:82:15)
32 verbose cwd /media/machine/224FBA95454C080E/Ahmedabd/Development/node/express/vidjot
33 error Linux 4.4.0-127-generic
34 error argv "/usr/bin/nodejs" "/usr/bin/npm" "install" "--save" "bcrypt@2.1"
35 error node v4.2.6
36 error npm  v3.5.2
37 error No compatible version found: bcrypt@2.1
37 error Valid install targets:
37 error 3.0.1, 3.0.0, 2.0.1, 2.0.0, 1.1.0-napi, 1.0.3, 1.0.2, 1.0.1, 1.0.0, 0.8.7, 0.8.6, 0.8.5, 0.8.4, 0.8.3, 0.8.2, 0.8.1, 0.8.0, 0.7.8, 0.7.7, 0.7.6, 0.7.5, 0.7.4, 0.7.3, 0.7.2, 0.7.1, 0.7.0, 0.6.0, 0.5.0, 0.4.1, 0.4.0, 0.3.2, 0.3.1, 0.3.0, 0.2.4, 0.2.3, 0.2.2, 0.2.1, 0.2.0, 0.1.3, 0.1.2
38 error If you need help, you may report this error at:
38 error     <https://github.com/npm/npm/issues>
39 verbose exit [ 1, true ]
